<?xml version="1.0" encoding="UTF-8"?>
<testng-results skipped="0" failed="1" total="1" passed="0">
  <reporter-output>
  </reporter-output>
  <suite name="Default suite" duration-ms="7922" started-at="2020-09-11T16:07:28Z" finished-at="2020-09-11T16:07:35Z">
    <groups>
    </groups>
    <test name="Default test" duration-ms="7922" started-at="2020-09-11T16:07:28Z" finished-at="2020-09-11T16:07:35Z">
      <class name="SBA_Assessment_tests.TestDisplayCustomer">
        <test-method status="PASS" signature="setUp()[pri:0, instance:SBA_Assessment_tests.TestDisplayCustomer@18be83e4]" name="setUp" is-config="true" duration-ms="7883" started-at="2020-09-11T21:37:28Z" finished-at="2020-09-11T21:37:35Z">
          <reporter-output>
          </reporter-output>
        </test-method> <!-- setUp -->
        <test-method status="FAIL" signature="testValidCustomerDetails(java.lang.String, java.lang.String, java.lang.String, java.lang.String, java.lang.String, java.lang.String)[pri:0, instance:SBA_Assessment_tests.TestDisplayCustomer@18be83e4]" name="testValidCustomerDetails" duration-ms="0" started-at="2020-09-11T21:37:35Z" data-provider="customerValid" finished-at="2020-09-11T21:37:35Z">
          <exception class="org.testng.TestNGException">
            <message>
              <![CDATA[
Data Provider public void SBA_Assessment_tests.TestDisplayCustomer.getExcelData() throws java.lang.Exception must return either Object[][] or Iterator<Object>[], not void]]>
            </message>
            <full-stacktrace>
              <![CDATA[org.testng.TestNGException: 
Data Provider public void SBA_Assessment_tests.TestDisplayCustomer.getExcelData() throws java.lang.Exception must return either Object[][] or Iterator<Object>[], not void
	at org.testng.internal.MethodInvocationHelper.invokeDataProvider(MethodInvocationHelper.java:155)
	at org.testng.internal.Parameters.handleParameters(Parameters.java:429)
	at org.testng.internal.Invoker.handleParameters(Invoker.java:1383)
	at org.testng.internal.Invoker.createParameters(Invoker.java:1075)
	at org.testng.internal.Invoker.invokeTestMethods(Invoker.java:1180)
	at org.testng.internal.TestMethodWorker.invokeTestMethods(TestMethodWorker.java:127)
	at org.testng.internal.TestMethodWorker.run(TestMethodWorker.java:111)
	at org.testng.TestRunner.privateRun(TestRunner.java:767)
	at org.testng.TestRunner.run(TestRunner.java:617)
	at org.testng.SuiteRunner.runTest(SuiteRunner.java:348)
	at org.testng.SuiteRunner.runSequentially(SuiteRunner.java:343)
	at org.testng.SuiteRunner.privateRun(SuiteRunner.java:305)
	at org.testng.SuiteRunner.run(SuiteRunner.java:254)
	at org.testng.SuiteRunnerWorker.runSuite(SuiteRunnerWorker.java:52)
	at org.testng.SuiteRunnerWorker.run(SuiteRunnerWorker.java:86)
	at org.testng.TestNG.runSuitesSequentially(TestNG.java:1224)
	at org.testng.TestNG.runSuitesLocally(TestNG.java:1149)
	at org.testng.TestNG.run(TestNG.java:1057)
	at org.testng.remote.AbstractRemoteTestNG.run(AbstractRemoteTestNG.java:114)
	at org.testng.remote.RemoteTestNG.initAndRun(RemoteTestNG.java:251)
	at org.testng.remote.RemoteTestNG.main(RemoteTestNG.java:77)
]]>
            </full-stacktrace>
          </exception> <!-- org.testng.TestNGException -->
          <reporter-output>
          </reporter-output>
        </test-method> <!-- testValidCustomerDetails -->
        <test-method status="PASS" signature="closeBrowser()[pri:0, instance:SBA_Assessment_tests.TestDisplayCustomer@18be83e4]" name="closeBrowser" is-config="true" duration-ms="0" started-at="2020-09-11T21:37:35Z" finished-at="2020-09-11T21:37:35Z">
          <reporter-output>
          </reporter-output>
        </test-method> <!-- closeBrowser -->
      </class> <!-- SBA_Assessment_tests.TestDisplayCustomer -->
    </test> <!-- Default test -->
  </suite> <!-- Default suite -->
</testng-results>
